>> Running live collectFreshMints (maxCollect=1, timeoutMs=60000)
["DudpgjYtyDRn9DLCdQVcamnRZQD1VVFyAGW5swpL9Prn"]
{"time":"2025-12-22T01:44:08.316Z","program":"metaqbxxUerdq28cj1RbAWkYQm3ybzjb6a8bt518x1s","signature":"5sonQQ6LfhKJByn9G8NUahr866KvYxrP3sj8xeUqs6xZZuonWFk3BjkUdUFHnoEgvA7GXx2ueEkayoSPfzvtSArm","kind":"initialize","freshMints":["DudpgjYtyDRn9DLCdQVcamnRZQD1VVFyAGW5swpL9Prn"],"ageSeconds":14.316,"firstBlock":1766367834,"txBlock":1766367834}
>> Collected token: {
  "tokenAddress": "DudpgjYtyDRn9DLCdQVcamnRZQD1VVFyAGW5swpL9Prn",
  "address": "DudpgjYtyDRn9DLCdQVcamnRZQD1VVFyAGW5swpL9Prn",
  "mint": "DudpgjYtyDRn9DLCdQVcamnRZQD1VVFyAGW5swpL9Prn",
  "firstBlockTime": 1766367834000,
  "_canonicalAgeSeconds": 14.316,
  "sourceProgram": "metaqbxxUerdq28cj1RbAWkYQm3ybzjb6a8bt518x1s",
  "sourceSignature": "5sonQQ6LfhKJByn9G8NUahr866KvYxrP3sj8xeUqs6xZZuonWFk3BjkUdUFHnoEgvA7GXx2ueEkayoSPfzvtSArm",
  "kind": "initialize",
  "txBlock": 1766367834,
  "sampleLogs": [
    "Program dbcij3LWUppWqq96dh6gJWwBifmcGfLSB5D4DuSMaqN invoke [1]",
    "Program log: Instruction: InitializeVirtualPoolWithSplToken",
    "Program 11111111111111111111111111111111 invoke [2]",
    "Program 11111111111111111111111111111111 success",
    "Program TokenkegQfeZyiNwAJbNbGKPFXCWuBvf9Ss623VQ5DA invoke [2]",
    "Program log: Instruction: InitializeMint2"
  ],
  "__listenerCollected": true
}
Wrote /workspaces/Bot/src/simulation/live_slot_probe.json /workspaces/Bot/src/simulation/live_slot_probe.md
