>> Running live collectFreshMints (maxCollect=1, timeoutMs=60000)
["5aJZGEnG3ahcdaWabmdEQKcbUACcFmpG6M8xcvwSXtYU"]
{"time":"2025-12-22T01:41:45.385Z","program":"whirLbMiicVdio4qvUfM5KAg6Ct8VwpYzGff3uctyCc","signature":"3kmYQRBDM9VhsSPtV6C3SMAe4dxyJoMwVEoY8M51epFmZidc7Dm5FWo22SqX5ncrfeEn58BzUoEwM1rqb7YsJH1Y","kind":"initialize","freshMints":["5aJZGEnG3ahcdaWabmdEQKcbUACcFmpG6M8xcvwSXtYU"],"ageSeconds":14.385,"firstBlock":1766367691,"txBlock":1766367691}
>> Collected token: {
  "tokenAddress": "5aJZGEnG3ahcdaWabmdEQKcbUACcFmpG6M8xcvwSXtYU",
  "address": "5aJZGEnG3ahcdaWabmdEQKcbUACcFmpG6M8xcvwSXtYU",
  "mint": "5aJZGEnG3ahcdaWabmdEQKcbUACcFmpG6M8xcvwSXtYU",
  "firstBlockTime": 1766367691000,
  "_canonicalAgeSeconds": 14.385,
  "sourceProgram": "whirLbMiicVdio4qvUfM5KAg6Ct8VwpYzGff3uctyCc",
  "sourceSignature": "3kmYQRBDM9VhsSPtV6C3SMAe4dxyJoMwVEoY8M51epFmZidc7Dm5FWo22SqX5ncrfeEn58BzUoEwM1rqb7YsJH1Y",
  "kind": "initialize",
  "txBlock": 1766367691,
  "sampleLogs": [
    "Program ComputeBudget111111111111111111111111111111 invoke [1]",
    "Program ComputeBudget111111111111111111111111111111 success",
    "Program ComputeBudget111111111111111111111111111111 invoke [1]",
    "Program ComputeBudget111111111111111111111111111111 success",
    "Program FqGg2Y1FNxMiGd51Q6UETixQWkF5fB92MysbYogRJb3P invoke [1]",
    "Program log: Instruction: IyfExtensionExecuteV2"
  ],
  "__listenerCollected": true
}
Wrote /workspaces/Bot/src/simulation/live_slot_probe.json /workspaces/Bot/src/simulation/live_slot_probe.md
