>> Starting in-process listener + program monitor (60s)
Sequential 10s per-program listener starting (daemon mode)
[whirLbMiicVdio4qvUfM5KAg6Ct8VwpYzGff3uctyCc] listening (10s)
fresh-candidates suppressed (use DEBUG_WS=1 to enable): ["XspzcW1PRtgf6Wj92HCiZdjzKCyFekVD8P5Ueh3dRMX"]
fresh-candidates suppressed (use DEBUG_WS=1 to enable): ["WETZjtprkDMCcUxPi9PfWnowMRZkiGGHDb9rABuRZ2U"]
fresh-candidates suppressed (use DEBUG_WS=1 to enable): ["3NZ9JMVBmGAqocybic2c7LQCJScmgsAZ6vQqTDzcqmJh"]
fresh-candidates suppressed (use DEBUG_WS=1 to enable): ["GdZ9rwHyKcriLdbSzhtEFLe5MLs7Vk6AY1aE5ei7nsmP","VCFN4S4N2oK4FZvp2daHfhgWm7oWyAsthL1EakYDNDT"]
fresh-candidates suppressed (use DEBUG_WS=1 to enable): ["JUPyiwrYJFskUPiHa7hkeR8VUtAeFoSYbKedZNsDvCN"]
fresh-candidates suppressed (use DEBUG_WS=1 to enable): ["HeLp6NuQkmYB4pYWo2zYs22mESHXPQYzXbB8n4V98jwC"]
fresh-candidates suppressed (use DEBUG_WS=1 to enable): ["3wPQhXYqy861Nhoc4bahtpf7G3e89XCLfZ67ptEfZUSA","USD1ttGY1N17NEEHLmELoaybftRBUSErhqYiQzvEmuB"]
[whirLbMiicVdio4qvUfM5KAg6Ct8VwpYzGff3uctyCc] done
[TokenkegQfeZyiNwAJbNbGKPFXCWuBvf9Ss623VQ5DA] listening (10s)
[TokenkegQfeZyiNwAJbNbGKPFXCWuBvf9Ss623VQ5DA] done
[MemoSq4gqABAXKb96qnH8TysNcWxMyWCqXgDLGmfcHr] listening (10s)
fresh-candidates suppressed (use DEBUG_WS=1 to enable): ["7T11hSfysVhS1Az4GcU9B2brx2iWc8fAy327rustpump","Gbu7JAKhTVtGyRryg8cYPiKNhonXpUqbrZuCDjfUpump"]
fresh-candidates suppressed (use DEBUG_WS=1 to enable): ["HquaytCB1tdatKhxW4TF9nETnA2fxiGCmx4nLabKM4UY"]
fresh-candidates suppressed (use DEBUG_WS=1 to enable): ["4QFsajiToreSFKQGZP4goHSmWgVbTxPU5GfShBEpPmKt"]
fresh-candidates suppressed (use DEBUG_WS=1 to enable): ["7pc8tC94VnCCu8V3irHy2yPbyNZoSZsKSbtJa9AEnA3s"]
fresh-candidates suppressed (use DEBUG_WS=1 to enable): ["CJ1kcag7cPCKe2vtT8B6HkvTkFM8DjVX7EWhTmy4TjWW"]
fresh-candidates suppressed (use DEBUG_WS=1 to enable): ["47ezAzwMJMj8HbrVnz7VLBLTuG5N6cykyM1kKbn7Vbh8"]
fresh-candidates suppressed (use DEBUG_WS=1 to enable): ["GpEKud3JpJDc5D3Gek8UVCb6vAiahGmDUZMQFnf5btai"]
fresh-candidates suppressed (use DEBUG_WS=1 to enable): ["F2uvr8qmQNMKsLS9KPrXcyqYVXeVS4Gu5iRyS2p2Bixw"]
programEvent (suppressed JSON): {"program":"MemoSq4gqABAXKb96qnH8TysNcWxMyWCqXgDLGmfcHr","signature":"47inThaT232mLFvT3cj8pZi3pBA41mMzXbPMkzoBBbYo8BiMXRecpuPj6g8F8Pj7HVnBF2W4Typ2MXg61Et8DT5E","kind":"swap","freshCount":1}
[PREDICTION] {"program":"MemoSq4gqABAXKb96qnH8TysNcWxMyWCqXgDLGmfcHr","prediction":"swap","confidence":0.4,"reason":"most recent kind fallback","sample":["swap"],"lastSeen":1766365678459,"ageMs":0}
fresh-candidates suppressed (use DEBUG_WS=1 to enable): ["F1dhnerSfcTk695rjXsKUEk337jHPHEc6UiuDbLqKpmU"]
[MemoSq4gqABAXKb96qnH8TysNcWxMyWCqXgDLGmfcHr] done
[metaqbxxUerdq28cj1RbAWkYQm3ybzjb6a8bt518x1s] listening (10s)
[metaqbxxUerdq28cj1RbAWkYQm3ybzjb6a8bt518x1s] done
[pAMMBay6oceH9fJKBRHGP5D4bD4sWpmSwMn52FMfXEA] listening (10s)
[pAMMBay6oceH9fJKBRHGP5D4bD4sWpmSwMn52FMfXEA] done
[JUP6LkbZbjS1jKKwapdHNy74zcZ3tLUZoi5QNyVTaV4] listening (10s)
fresh-candidates suppressed (use DEBUG_WS=1 to enable): ["METvsvVRapdj9cFLzq4Tr43xK4tAjQfwX76z3n6mWQL"]
programEvent (suppressed JSON): {"program":"JUP6LkbZbjS1jKKwapdHNy74zcZ3tLUZoi5QNyVTaV4","signature":"kLYZWfcETc2G5yqyvEfMDifomTYayDmYwTi9ZFaxsLTvhPEL2ABbLZiVgN44GaCPcTPJsNpdURisHroyJ5oLxHQ","kind":"swap","freshCount":1}
[PREDICTION] {"program":"JUP6LkbZbjS1jKKwapdHNy74zcZ3tLUZoi5QNyVTaV4","prediction":"swap","confidence":0.4,"reason":"most recent kind fallback","sample":["swap"],"lastSeen":1766365701483,"ageMs":0}
fresh-candidates suppressed (use DEBUG_WS=1 to enable): ["9BB6NFEcjBCtnNLFko2FqVQBq8HHM13kCyYcdQbgpump"]
>> 60s elapsed, sending SIGINT to stop listener
SIGINT received, stopping listener...
[JUP6LkbZbjS1jKKwapdHNy74zcZ3tLUZoi5QNyVTaV4] done
RPC_STATS {"calls":289,"errors":0,"rateLimit429":0,"avgLatencyMs":65}
>> Monitor summary: [
  {
    "program": "MemoSq4gqABAXKb96qnH8TysNcWxMyWCqXgDLGmfcHr",
    "lastSeen": 1766365678459,
    "counts": {
      "swap": 1
    },
    "recent": [
      "swap"
    ]
  },
  {
    "program": "JUP6LkbZbjS1jKKwapdHNy74zcZ3tLUZoi5QNyVTaV4",
    "lastSeen": 1766365701483,
    "counts": {
      "swap": 1
    },
    "recent": [
      "swap"
    ]
  }
]
