>> Starting in-process listener + program monitor (60s)
Sequential 10s per-program listener starting (daemon mode)
[whirLbMiicVdio4qvUfM5KAg6Ct8VwpYzGff3uctyCc] listening (10s)
["J1toso1uCk3RLmjorhTtrVwY9HJ7X8V9yYac6Y7kGCPn"]
["2u1tszSeqZ3qBWF3uNGPFc8TzMk2tdiwknnRMWGWjGWH"]
{"time":"2025-12-22T01:33:28.460Z","program":"whirLbMiicVdio4qvUfM5KAg6Ct8VwpYzGff3uctyCc","signature":"3Md3DccyqMvFDZKvVwLBppp3ANah4th1avuySpzfpkSH5crBjBgrRPGu1m2BPYZuoJNKr7Mm8455GctHmHhm9DwW","kind":"swap","freshMints":["2u1tszSeqZ3qBWF3uNGPFc8TzMk2tdiwknnRMWGWjGWH"],"sampleLogs":["Program ComputeBudget111111111111111111111111111111 invoke [1]","Program ComputeBudget111111111111111111111111111111 success","Program ATokenGPvbdGVxr1b2hvZbsiqW5xWH25efTNsLJA8knL invoke [1]","Program log: CreateIdempotent","Program ATokenGPvbdGVxr1b2hvZbsiqW5xWH25efTNsLJA8knL consumed 4357 of 228662 compute units","Program ATokenGPvbdGVxr1b2hvZbsiqW5xWH25efTNsLJA8knL success"]}
[PREDICTION] {"program":"whirLbMiicVdio4qvUfM5KAg6Ct8VwpYzGff3uctyCc","prediction":"swap","confidence":0.4,"reason":"most recent kind fallback","sample":["swap"],"lastSeen":1766367208461,"ageMs":25}
["27G8MtK7VtTcCHkpASjSDdkWWYfoqT6ggEuKidVJidD4"]
["KENJSUYLASHUMfHyy5o4Hp2FdNqZg1AsUPhfH2kYvEP"]
[whirLbMiicVdio4qvUfM5KAg6Ct8VwpYzGff3uctyCc] done
[TokenkegQfeZyiNwAJbNbGKPFXCWuBvf9Ss623VQ5DA] listening (10s)
[TokenkegQfeZyiNwAJbNbGKPFXCWuBvf9Ss623VQ5DA] done
[MemoSq4gqABAXKb96qnH8TysNcWxMyWCqXgDLGmfcHr] listening (10s)
["CJ1kcag7cPCKe2vtT8B6HkvTkFM8DjVX7EWhTmy4TjWW"]
["HZ1JovNiVvGrGNiiYvEozEVgZ58xaU3RKwX8eACQBCt3"]
["9NeTpB4Uo3AzbSUcAPvMofv3RfgSExgG9mQ2T5Mfqeyk"]
["F1dhnerSfcTk695rjXsKUEk337jHPHEc6UiuDbLqKpmU"]
["47ezAzwMJMj8HbrVnz7VLBLTuG5N6cykyM1kKbn7Vbh8"]
["6BS3BycvyBeyqMoWsxVnP5zLwfLWQXSAthS5iW753xg2"]
{"time":"2025-12-22T01:33:50.132Z","program":"MemoSq4gqABAXKb96qnH8TysNcWxMyWCqXgDLGmfcHr","signature":"5AP53TG2NEtyawhREyY1h8QRgB6rMtyb9nRGTocR2Qa1xmpRhH7oVxr3vpUYEL5KGFw4xuwF7FGUKo2r9XXf8R9Z","kind":"swap","freshMints":["6BS3BycvyBeyqMoWsxVnP5zLwfLWQXSAthS5iW753xg2"],"sampleLogs":["Program ATokenGPvbdGVxr1b2hvZbsiqW5xWH25efTNsLJA8knL invoke [1]","Program log: CreateIdempotent","Program ATokenGPvbdGVxr1b2hvZbsiqW5xWH25efTNsLJA8knL consumed 7338 of 800000 compute units","Program ATokenGPvbdGVxr1b2hvZbsiqW5xWH25efTNsLJA8knL success","Program ATokenGPvbdGVxr1b2hvZbsiqW5xWH25efTNsLJA8knL invoke [1]","Program log: CreateIdempotent"]}
[PREDICTION] {"program":"MemoSq4gqABAXKb96qnH8TysNcWxMyWCqXgDLGmfcHr","prediction":"swap","confidence":0.4,"reason":"most recent kind fallback","sample":["swap"],"lastSeen":1766367230132,"ageMs":51}
["13YHnvLfeKtRt4fAF79wTrJyXMkZkUFrUqoQ5FHPphnx"]
[MemoSq4gqABAXKb96qnH8TysNcWxMyWCqXgDLGmfcHr] done
[metaqbxxUerdq28cj1RbAWkYQm3ybzjb6a8bt518x1s] listening (10s)
["USD1ttGY1N17NEEHLmELoaybftRBUSErhqYiQzvEmuB","AgDrEfhJpx9RUNj4tJ3Q46q1pXwoJExQXWWCG71JZocF"]
{"time":"2025-12-22T01:33:55.791Z","program":"metaqbxxUerdq28cj1RbAWkYQm3ybzjb6a8bt518x1s","signature":"3s1vN6CfvMiRBPYCv7sX3AQy56cvBJHcgtDyeMXbAQBfp4Cqw3pBBLEhVz2Wu9Ae3EToQCmBdA1QzBrQRnHFEDhU","kind":"initialize","freshMints":["USD1ttGY1N17NEEHLmELoaybftRBUSErhqYiQzvEmuB","AgDrEfhJpx9RUNj4tJ3Q46q1pXwoJExQXWWCG71JZocF"],"sampleLogs":["Program ComputeBudget111111111111111111111111111111 invoke [1]","Program ComputeBudget111111111111111111111111111111 success","Program ComputeBudget111111111111111111111111111111 invoke [1]","Program ComputeBudget111111111111111111111111111111 success","Program 11111111111111111111111111111111 invoke [1]","Program 11111111111111111111111111111111 success"]}
COLLECTED_FINAL ["2u1tszSeqZ3qBWF3uNGPFc8TzMk2tdiwknnRMWGWjGWH","6BS3BycvyBeyqMoWsxVnP5zLwfLWQXSAthS5iW753xg2","USD1ttGY1N17NEEHLmELoaybftRBUSErhqYiQzvEmuB"]
{"collected":["2u1tszSeqZ3qBWF3uNGPFc8TzMk2tdiwknnRMWGWjGWH","6BS3BycvyBeyqMoWsxVnP5zLwfLWQXSAthS5iW753xg2","USD1ttGY1N17NEEHLmELoaybftRBUSErhqYiQzvEmuB"],"time":"2025-12-22T01:33:55.791Z"}
Exiting because COLLECT_MAX reached
