>> Starting in-process listener + program monitor (60s)
Sequential 10s per-program listener starting (daemon mode)
[whirLbMiicVdio4qvUfM5KAg6Ct8VwpYzGff3uctyCc] listening (10s)
fresh-candidates suppressed (use DEBUG_WS=1 to enable): ["7vfCXTUXx5WJV5JADk17DUJ4ksgau7utNKj4b963voxs"]
programEvent (suppressed JSON): {"program":"whirLbMiicVdio4qvUfM5KAg6Ct8VwpYzGff3uctyCc","signature":"5mE79LyCK5FaGmqfLphrFGQUxkcKrG4ozUAz1yfD8eVNiFGeMZ7ExkZyfRTTkrFfvZEswrtjjHe3cjADauoNFV6y","kind":"swap","freshCount":1}
[PREDICTION] {"program":"whirLbMiicVdio4qvUfM5KAg6Ct8VwpYzGff3uctyCc","prediction":"swap","confidence":0.4,"reason":"most recent kind fallback","sample":["swap"],"lastSeen":1766365294686,"ageMs":0}
fresh-candidates suppressed (use DEBUG_WS=1 to enable): ["9BB6NFEcjBCtnNLFko2FqVQBq8HHM13kCyYcdQbgpump"]
[whirLbMiicVdio4qvUfM5KAg6Ct8VwpYzGff3uctyCc] done
[TokenkegQfeZyiNwAJbNbGKPFXCWuBvf9Ss623VQ5DA] listening (10s)
[TokenkegQfeZyiNwAJbNbGKPFXCWuBvf9Ss623VQ5DA] done
[MemoSq4gqABAXKb96qnH8TysNcWxMyWCqXgDLGmfcHr] listening (10s)
fresh-candidates suppressed (use DEBUG_WS=1 to enable): ["9NeTpB4Uo3AzbSUcAPvMofv3RfgSExgG9mQ2T5Mfqeyk"]
fresh-candidates suppressed (use DEBUG_WS=1 to enable): ["HquaytCB1tdatKhxW4TF9nETnA2fxiGCmx4nLabKM4UY"]
fresh-candidates suppressed (use DEBUG_WS=1 to enable): ["USD1ttGY1N17NEEHLmELoaybftRBUSErhqYiQzvEmuB"]
fresh-candidates suppressed (use DEBUG_WS=1 to enable): ["4QFsajiToreSFKQGZP4goHSmWgVbTxPU5GfShBEpPmKt"]
fresh-candidates suppressed (use DEBUG_WS=1 to enable): ["7pc8tC94VnCCu8V3irHy2yPbyNZoSZsKSbtJa9AEnA3s"]
fresh-candidates suppressed (use DEBUG_WS=1 to enable): ["7T11hSfysVhS1Az4GcU9B2brx2iWc8fAy327rustpump"]
[MemoSq4gqABAXKb96qnH8TysNcWxMyWCqXgDLGmfcHr] done
[metaqbxxUerdq28cj1RbAWkYQm3ybzjb6a8bt518x1s] listening (10s)
[metaqbxxUerdq28cj1RbAWkYQm3ybzjb6a8bt518x1s] done
[pAMMBay6oceH9fJKBRHGP5D4bD4sWpmSwMn52FMfXEA] listening (10s)
fresh-candidates suppressed (use DEBUG_WS=1 to enable): ["Gbu7JAKhTVtGyRryg8cYPiKNhonXpUqbrZuCDjfUpump"]
[pAMMBay6oceH9fJKBRHGP5D4bD4sWpmSwMn52FMfXEA] done
[JUP6LkbZbjS1jKKwapdHNy74zcZ3tLUZoi5QNyVTaV4] listening (10s)
fresh-candidates suppressed (use DEBUG_WS=1 to enable): ["cbbtcf3aa214zXHbiAZQwf4122FBYbraNdFqgw4iMij"]
fresh-candidates suppressed (use DEBUG_WS=1 to enable): ["9BB6NFEcjBCtnNLFko2FqVQBq8HHM13kCyYcdQbgpump"]
programEvent (suppressed JSON): {"program":"JUP6LkbZbjS1jKKwapdHNy74zcZ3tLUZoi5QNyVTaV4","signature":"4TLaE5LRyomfkqTDVLVi54WYd3Sb46FLjmGCvM7GZw6y63PFufyKLhwiXYco57pZWS66pfhxUNCPYtAMmHVfXjGb","kind":"swap","freshCount":1}
[PREDICTION] {"program":"JUP6LkbZbjS1jKKwapdHNy74zcZ3tLUZoi5QNyVTaV4","prediction":"swap","confidence":0.4,"reason":"most recent kind fallback","sample":["swap"],"lastSeen":1766365345537,"ageMs":0}
fresh-candidates suppressed (use DEBUG_WS=1 to enable): ["7s2fS73YpsDvrZ5vDve3z9vHbe7oyVg7fzPuR4dqmoon","H4DyKxDVjgySNJZDGqMWmoxKSFsbFw87kKcwFWLcWs45"]
>> 60s elapsed, sending SIGINT to stop listener
SIGINT received, stopping listener...
[JUP6LkbZbjS1jKKwapdHNy74zcZ3tLUZoi5QNyVTaV4] done
RPC_STATS {"calls":296,"errors":0,"rateLimit429":0,"avgLatencyMs":71}
>> Monitor summary: [
  {
    "program": "whirLbMiicVdio4qvUfM5KAg6Ct8VwpYzGff3uctyCc",
    "lastSeen": 1766365294686,
    "counts": {
      "swap": 1
    },
    "recent": [
      "swap"
    ]
  },
  {
    "program": "JUP6LkbZbjS1jKKwapdHNy74zcZ3tLUZoi5QNyVTaV4",
    "lastSeen": 1766365345537,
    "counts": {
      "swap": 1
    },
    "recent": [
      "swap"
    ]
  }
]
